<?xml version="1.0" encoding="UTF-8"?>
<!-- Generated by org.testng.reporters.JUnitReportReporter -->
<testsuite hostname="LAPTOP-5S6JIIRU" failures="0" tests="1" name="com.keywordDriven.TestScript.Loginpage" time="11.860" errors="0" timestamp="2023-12-06T17:00:51 IST" skipped="0">
  <testcase classname="com.keywordDriven.TestScript.Loginpage" name="loignTest" time="11.860"/>
</testsuite> <!-- com.keywordDriven.TestScript.Loginpage -->
